
(Gabriel37) idongsig-ui-MacBook-Pro:bwg-charlie dongshik$ pwd
/Users/dongshik/github/bwg-charlie
(Gabriel37) idongsig-ui-MacBook-Pro:bwg-charlie dongshik$ mkdir charlie-token
(Gabriel37) idongsig-ui-MacBook-Pro:bwg-charlie dongshik$ cd charlie-token/
(Gabriel37) idongsig-ui-MacBook-Pro:charlie-token dongshik$ ll
total 0
drwxr-xr-x  2 dongshik  staff   64  7  2 23:12 .
drwxr-xr-x  7 dongshik  staff  224  7  2 23:12 ..
(Gabriel37) idongsig-ui-MacBook-Pro:charlie-token dongshik$
(Gabriel37) idongsig-ui-MacBook-Pro:charlie-token dongshik$ truffle init

Starting unbox...
=================

✔ Preparing to download box
✔ Downloading
✔ cleaning up temporary files
✔ Setting up box

Unbox successful, sweet!

Commands:

  Compile:        truffle compile
  Migrate:        truffle migrate
  Test contracts: truffle test

(Gabriel37) idongsig-ui-MacBook-Pro:charlie-token dongshik$ 
(Gabriel37) idongsig-ui-MacBook-Pro:charlie-token dongshik$ npm init -f
npm WARN using --force I sure hope you know what you are doing.
Wrote to /Users/dongshik/github/bwg-charlie/charlie-token/package.json:

{
  "name": "charlie-token",
  "version": "1.0.0",
  "description": "",
  "main": "truffle-config.js",
  "directories": {
    "test": "test"
  },
  "scripts": {
    "test": "echo \"Error: no test specified\" && exit 1"
  },
  "keywords": [],
  "author": "",
  "license": "ISC"
}


(Gabriel37) idongsig-ui-MacBook-Pro:charlie-token dongshik$ 
(Gabriel37) idongsig-ui-MacBook-Pro:charlie-token dongshik$ truffle version
Truffle v5.1.30 (core: 5.1.30)
Solidity v0.5.16 (solc-js)
Node v10.16.2
Web3.js v1.2.1
(Gabriel37) idongsig-ui-MacBook-Pro:charlie-token dongshik$ 